{
  "id":"1",
  "flavor":2,
  "framework":"dcr",
  "version":1.0,
  "time":"13:1:38",
  "source":"Process 1.xml",
  "input":"A hospital wants to establish a rating workflow for their doctors. To make the workflow reliable two different roles are assigned. The first one is a referee from the newly created quality assurance department while the second one represents the managing director of the hospital. Both roles execute all of their tasks independently from each other.

The referee starts a new case regarding a certain doctor by interviewing patients. Since a patient interview workflow is already established, it is simply integrated in the new workflow. Meanwhile, the director asks an external expert to review the work of the doctor under rating. Unfortunately, since the expert only gets a low expenses fee, it can happen that the expert is not responding in time. If that happens, another expert has to be asked (who could also not respond in time, i.e. the procedure repeats). If an expert finally sends an expertise, it is received by the director and forwarded to the referee. The referee files the results containing the patient interviews as well as the expertise and afterward creates a report. While the referee is doing this, the manager fills a check to pay the expenses of the expert.",
  "tops":[
    0,1,2,3,4,5,6,7,8,9,10,11,12,13,14,15,16,17,18,19,20,21,22,23,24,25,26,27,28,29,30,31,32,33,41,42,43,0,1,2,3,4,5,6,7,8,9,10,11,12,13,14,15,16,17,18,19,20,21,22,23,24,25,26,27,28,0,1,2,3,4,5,6,7,8,9,10,11,12,13,14,15,16,17,18,19,20,0,1,2,3,4,5,6,7,8,9,10,11,12,13,14,15,16,17,18,19,20,21,0,1,2,3,4,5,6,0,1,2,3,4,5,6,7,8,9,10,11,12,13,14,15,16,17,18,19,20,21,0,1,2,3,4,5,6,7,8,9,10,11,12,13,14,0,1,2,3,4,5,6,7,8,0,1,2,3,4,5,6,7,8,9,10,11,12,13,0,1,2,3,4,5,6,7,8,9,10,11
  ],
  "nodes":[
    {
      "id":0,
      "label":"Follows the ISO 9001"
    },
    {
      "id":1,
      "label":"Follows the ISO 22000"
    },
    {
      "id":2,
      "label":"Water Going through special Treatment"
    },
    {
      "id":3,
      "label":"Make sure water has the correct amount of dissolved salts"
    },
    {
      "id":4,
      "label":"Dissolve correct amount of sugar in the water"
    },
    {
      "id":5,
      "label":"Filtering of water"
    },
    {
      "id":6,
      "label":"Simple Syrup mixed with Special Concentrate"
    },
    {
      "id":7,
      "label":"flash pasteurisation thermal process"
    },
    {
      "id":8,
      "label":"Treated water mixed with final concentrate"
    },
    {
      "id":9,
      "label":"Follows the Quality and Food Safety policy"
    },
    {
      "id":10,
      "label":"carbon dioxide is added"
    },
    {
      "id":11,
      "label":"drink is the filled into the bottles"
    },
    {
      "id":12,
      "label":"ready to be packaged"
    },
    {
      "id":13,
      "label":"bottles must be perfectly clean"
    },
    {
      "id":14,
      "label":"hermetically sealing of bottles"
    },
    {
      "id":15,
      "label":"labeling of bottles"
    },
    {
      "id":16,
      "label":"coding of bottles"
    },
    {
      "id":17,
      "label":"test sturdiness of bottles"
    },
    {
      "id":18,
      "label":"Apropriate packaging for shipping selected"
    },
    {
      "id":19,
      "label":"Follows the global standards of the Coca Cola company"
    },
    {
      "id":20,
      "label":"Legislation"
    },
    {
      "id":21,
      "label":"Liquid Production"
    },
    {
      "id":22,
      "label":"Packaging"
    },
    {
      "id":23,
      "label":"Cleaning of tools and machines"
    },
    {
      "id":24,
      "label":"Product packaged in containers"
    },
    {
      "id":25,
      "label":"Reject even the tiniest irregularity"
    },
    {
      "id":26,
      "label":"not violating any external legislation"
    },
    {
      "id":27,
      "label":"make sure all ingredients are available"
    },
    {
      "id":28,
      "label":"Make sure machine is clean"
    },
    {
      "id":29,
      "label":"ingredients inspected before production"
    },
    {
      "id":30,
      "label":"Iregularity = Decline Ingredients"
    },
    {
      "id":31,
      "label":"Product Shipped"
    },
    {
      "id":32,
      "label":"Warehouse Request more Product"
    },
    {
      "id":33,
      "label":"Cacellation of inqury"
    },
    {
      "id":34,
      "label":"Cleaning team"
    },
    {
      "id":35,
      "label":"electronic bottle inspection equipment"
    },
    {
      "id":36,
      "label":"machines"
    },
    {
      "id":37,
      "label":"the company"
    },
    {
      "id":38,
      "label":"the HQ"
    },
    {
      "id":39,
      "label":"the production team"
    },
    {
      "id":40,
      "label":"warehouse"
    },
    {
      "id":41,
      "label":"Product Shipped"
    },
    {
      "id":42,
      "label":"Warehouse Request more Product"
    },
    {
      "id":43,
      "label":"Cacellation of inqury"
    },
    {
      "id":44,
      "label":"Cleaning team"
    },
    {
      "id":45,
      "label":"electronic bottle inspection equipment"
    },
    {
      "id":46,
      "label":"machines"
    },
    {
      "id":47,
      "label":"the company"
    },
    {
      "id":48,
      "label":"the HQ"
    },
    {
      "id":49,
      "label":"the production team"
    },
    {
      "id":50,
      "label":"warehouse"
    },
    {
      "id":0,
      "label":"Initialise the ORR process"
    },
    {
      "id":1,
      "label":"Create the documentation tasks"
    },
    {
      "id":2,
      "label":"Send documentation tasks"
    },
    {
      "id":3,
      "label":"Compiles the documentation"
    },
    {
      "id":4,
      "label":"Send an invitation"
    },
    {
      "id":5,
      "label":"Send documentation for approval"
    },
    {
      "id":6,
      "label":"Receives approved documentation"
    },
    {
      "id":7,
      "label":"Check formalities"
    },
    {
      "id":8,
      "label":"Contract requirements"
    },
    {
      "id":9,
      "label":"ORR checklist"
    },
    {
      "id":10,
      "label":"Hands over documentation task"
    },
    {
      "id":11,
      "label":"Customer approval subprocess"
    },
    {
      "id":12,
      "label":"Evaluate the documentation"
    },
    {
      "id":13,
      "label":"Customer approval"
    },
    {
      "id":14,
      "label":"Send documentation to DPL"
    },
    {
      "id":15,
      "label":"Rework subprocess"
    },
    {
      "id":16,
      "label":"Facilitates rework tasks"
    },
    {
      "id":17,
      "label":"Compiles the documentation"
    },
    {
      "id":18,
      "label":"Get written approval"
    },
    {
      "id":19,
      "label":"Create documentation"
    },
    {
      "id":20,
      "label":"Send documentation"
    },
    {
      "id":21,
      "label":"Receive tasks"
    },
    {
      "id":22,
      "label":"Receive tasks"
    },
    {
      "id":23,
      "label":"Delegate tasks"
    },
    {
      "id":24,
      "label":"Compiles documentation from his department"
    },
    {
      "id":25,
      "label":"Send documentation"
    },
    {
      "id":26,
      "label":"Delegate tasks"
    },
    {
      "id":27,
      "label":"Compiles documentation from his department"
    },
    {
      "id":28,
      "label":"Internal approval meeting"
    },
    {
      "id":29,
      "label":"Customer"
    },
    {
      "id":30,
      "label":"DPL"
    },
    {
      "id":31,
      "label":"Operations Team"
    },
    {
      "id":32,
      "label":"Project Manager"
    },
    {
      "id":0,
      "label":"access Mikkeller Webshop platform"
    },
    {
      "id":1,
      "label":"leave the webshop page"
    },
    {
      "id":2,
      "label":"Payment subprocess"
    },
    {
      "id":3,
      "label":"Fill valid contact and shipping details"
    },
    {
      "id":4,
      "label":"Information rejected"
    },
    {
      "id":5,
      "label":"Fill valid billing details"
    },
    {
      "id":6,
      "label":"Check payment feasability"
    },
    {
      "id":7,
      "label":"Information accepted"
    },
    {
      "id":8,
      "label":"Payment rejected"
    },
    {
      "id":9,
      "label":"Order completed"
    },
    {
      "id":10,
      "label":"Browsing process"
    },
    {
      "id":11,
      "label":"Browse products in the webshop"
    },
    {
      "id":12,
      "label":"Go to basket"
    },
    {
      "id":13,
      "label":"Adjust basket"
    },
    {
      "id":14,
      "label":"Remove some (not all) products within the basket"
    },
    {
      "id":15,
      "label":"Adjust quantity within basket"
    },
    {
      "id":16,
      "label":"proceed to check-out"
    },
    {
      "id":17,
      "label":"Empty the basket"
    },
    {
      "id":18,
      "label":"Fill basket"
    },
    {
      "id":19,
      "label":"Add product with adjusted qty."
    },
    {
      "id":20,
      "label":"Add product with default qty."
    },
    {
      "id":21,
      "label":"customer"
    },
    {
      "id":22,
      "label":"Mikkeller Webshop"
    },
    {
      "id":0,
      "label":"Payment"
    },
    {
      "id":1,
      "label":"Choose payment method"
    },
    {
      "id":2,
      "label":"Take payment"
    },
    {
      "id":3,
      "label":"Decide the renting period"
    },
    {
      "id":4,
      "label":"Extention handling"
    },
    {
      "id":5,
      "label":"Extension granted"
    },
    {
      "id":6,
      "label":"End contract"
    },
    {
      "id":7,
      "label":"Contacts seller if they want to reconsider"
    },
    {
      "id":8,
      "label":"Checks Sellers' revenue"
    },
    {
      "id":9,
      "label":"Find seller"
    },
    {
      "id":10,
      "label":"Confirm shelf"
    },
    {
      "id":11,
      "label":"Pick person from the waiting list"
    },
    {
      "id":12,
      "label":"Renting period"
    },
    {
      "id":13,
      "label":"Maintance"
    },
    {
      "id":14,
      "label":"Take items down"
    },
    {
      "id":15,
      "label":"Renew prices"
    },
    {
      "id":16,
      "label":"Provide new items"
    },
    {
      "id":17,
      "label":"Clean shelf"
    },
    {
      "id":18,
      "label":"Move out"
    },
    {
      "id":19,
      "label":"End of renting period"
    },
    {
      "id":20,
      "label":"Remind seller if they would like an extension"
    },
    {
      "id":21,
      "label":"Decide if extension is wanted"
    },
    {
      "id":22,
      "label":"Employee"
    },
    {
      "id":23,
      "label":"Management"
    },
    {
      "id":24,
      "label":"Seller"
    },
    {
      "id":0,
      "label":"makes a decision (p48)"
    },
    {
      "id":1,
      "label":"Perform child consultation (p48)"
    },
    {
      "id":2,
      "label":"child protection examination (p50)"
    },
    {
      "id":3,
      "label":"child or young person may be in need of special support (p50)"
    },
    {
      "id":4,
      "label":"fails to have a child examined (p63)"
    },
    {
      "id":5,
      "label":"decide to undertake such examination or treatment. (p63)"
    },
    {
      "id":6,
      "label":"child  had undergone a child protection examination (p48)"
    },
    {
      "id":7,
      "label":"child"
    },
    {
      "id":8,
      "label":"child or young person"
    },
    {
      "id":9,
      "label":"children and young persons committee"
    },
    {
      "id":10,
      "label":"custodial parent"
    },
    {
      "id":11,
      "label":"municipal council"
    },
    {
      "id":0,
      "label":"Receive order"
    },
    {
      "id":1,
      "label":"Analyse document"
    },
    {
      "id":2,
      "label":"Set quota"
    },
    {
      "id":3,
      "label":"Choose a translator"
    },
    {
      "id":4,
      "label":"Send a request to translator"
    },
    {
      "id":5,
      "label":"Send the quota to the client"
    },
    {
      "id":6,
      "label":"Close the case"
    },
    {
      "id":7,
      "label":"Choice"
    },
    {
      "id":8,
      "label":"Decline request"
    },
    {
      "id":9,
      "label":"Accept request"
    },
    {
      "id":10,
      "label":"Choice"
    },
    {
      "id":11,
      "label":"Request different format"
    },
    {
      "id":12,
      "label":"Convert from pdf"
    },
    {
      "id":13,
      "label":"Check document format"
    },
    {
      "id":14,
      "label":"Choice"
    },
    {
      "id":15,
      "label":"Decline quota"
    },
    {
      "id":16,
      "label":"Accept quota"
    },
    {
      "id":17,
      "label":"Translation Process"
    },
    {
      "id":18,
      "label":"Begin translation"
    },
    {
      "id":19,
      "label":"Upload the translated document"
    },
    {
      "id":20,
      "label":"Check the translated work"
    },
    {
      "id":21,
      "label":"Send document with an invoice"
    },
    {
      "id":22,
      "label":"agent"
    },
    {
      "id":23,
      "label":"client"
    },
    {
      "id":24,
      "label":"translator"
    },
    {
      "id":0,
      "label":"Customer choice"
    },
    {
      "id":1,
      "label":"reject SoW"
    },
    {
      "id":2,
      "label":"accept SoW"
    },
    {
      "id":3,
      "label":"rework SoW"
    },
    {
      "id":4,
      "label":"send SoW to customer"
    },
    {
      "id":5,
      "label":"decline project"
    },
    {
      "id":6,
      "label":"handover from Service Sales"
    },
    {
      "id":7,
      "label":"SoW creation workshop"
    },
    {
      "id":8,
      "label":"estimate project length"
    },
    {
      "id":9,
      "label":"estimate resource hours"
    },
    {
      "id":10,
      "label":"estimate project cost"
    },
    {
      "id":11,
      "label":"close deal"
    },
    {
      "id":12,
      "label":"SoW evaluation"
    },
    {
      "id":13,
      "label":"internal SoW acceptance"
    },
    {
      "id":14,
      "label":"internal SoW rejection"
    },
    {
      "id":15,
      "label":"Customer"
    },
    {
      "id":16,
      "label":"Professional Services department"
    },
    {
      "id":17,
      "label":"Service Sales department"
    },
    {
      "id":0,
      "label":"Receive order request in ServiceNow"
    },
    {
      "id":1,
      "label":"Place order"
    },
    {
      "id":2,
      "label":"Contact Vendor"
    },
    {
      "id":3,
      "label":"Deliver Item(s)"
    },
    {
      "id":4,
      "label":"Close order in ServiceNow"
    },
    {
      "id":5,
      "label":"Check delivery status"
    },
    {
      "id":6,
      "label":"Registration"
    },
    {
      "id":7,
      "label":"Check item value"
    },
    {
      "id":8,
      "label":"Check stock"
    },
    {
      "id":9,
      "label":"Purchaser"
    },
    {
      "id":10,
      "label":"Vendor"
    },
    {
      "id":0,
      "label":"brings in a defective computer"
    },
    {
      "id":1,
      "label":"checks the defect"
    },
    {
      "id":2,
      "label":"hands out a repair cost calculation"
    },
    {
      "id":3,
      "label":"receives cost calculation"
    },
    {
      "id":4,
      "label":"the costs are acceptable"
    },
    {
      "id":5,
      "label":"the costs are not acceptable"
    },
    {
      "id":6,
      "label":"takes her computer home unrepaired"
    },
    {
      "id":7,
      "label":"check and repair the hardware"
    },
    {
      "id":8,
      "label":"checks and configures  the software"
    },
    {
      "id":9,
      "label":"proper system functionality is tested"
    },
    {
      "id":10,
      "label":"an error is detected"
    },
    {
      "id":11,
      "label":"another arbitrary repair activity is executed"
    },
    {
      "id":12,
      "label":"the repair is finished"
    },
    {
      "id":13,
      "label":"no errors are detected"
    },
    {
      "id":14,
      "label":"computer repair service (CRS)"
    },
    {
      "id":15,
      "label":"customer"
    },
    {
      "id":0,
      "label":"interview patients"
    },
    {
      "id":1,
      "label":"files results of interviews"
    },
    {
      "id":2,
      "label":"creates review report"
    },
    {
      "id":3,
      "label":"fills a check to pay the expenses of the expert"
    },
    {
      "id":4,
      "label":"contact additional expert for backup review"
    },
    {
      "id":5,
      "label":"asks external expert to review the doctor"
    },
    {
      "id":6,
      "label":"detects that expert does not respond in time"
    },
    {
      "id":7,
      "label":"Review doctor"
    },
    {
      "id":8,
      "label":"receives review"
    },
    {
      "id":9,
      "label":"sends an expertise"
    },
    {
      "id":10,
      "label":"review the work of the doctor under rating"
    },
    {
      "id":11,
      "label":"forwards external review to referee"
    },
    {
      "id":12,
      "label":"another expert"
    },
    {
      "id":13,
      "label":"ENGINE"
    },
    {
      "id":14,
      "label":"external expert"
    },
    {
      "id":15,
      "label":"managing director"
    },
    {
      "id":16,
      "label":"referee"
    },
  ],
  "edges":[
    {
      "source":41,
      "target":47,
      "label":"role"
    },
    {
      "source":42,
      "target":50,
      "label":"role"
    },
    {
      "source":43,
      "target":50,
      "label":"role"
    },
    {
      "source":23,
      "target":48,
      "label":"role"
    },
    {
      "source":0,
      "target":48,
      "label":"role"
    },
    {
      "source":10,
      "target":48,
      "label":"role"
    },
    {
      "source":9,
      "target":48,
      "label":"role"
    },
    {
      "source":9,
      "target":30,
      "label":"role"
    },
    {
      "source":1,
      "target":30,
      "label":"role"
    },
    {
      "source":4,
      "target":30,
      "label":"role"
    },
    {
      "source":12,
      "target":30,
      "label":"role"
    },
    {
      "source":13,
      "target":30,
      "label":"role"
    },
    {
      "source":6,
      "target":30,
      "label":"role"
    },
    {
      "source":6,
      "target":30,
      "label":"role"
    },
    {
      "source":7,
      "target":30,
      "label":"role"
    },
    {
      "source":8,
      "target":30,
      "label":"role"
    },
    {
      "source":9,
      "target":30,
      "label":"role"
    },
    {
      "source":10,
      "target":32,
      "label":"role"
    },
    {
      "source":0,
      "target":15,
      "label":"role"
    },
    {
      "source":13,
      "target":15,
      "label":"role"
    },
    {
      "source":0,
      "target":22,
      "label":"role"
    },
    {
      "source":9,
      "target":22,
      "label":"role"
    },
    {
      "source":2,
      "target":22,
      "label":"role"
    },
    {
      "source":3,
      "target":22,
      "label":"role"
    },
    {
      "source":4,
      "target":22,
      "label":"role"
    },
    {
      "source":12,
      "target":22,
      "label":"role"
    },
    {
      "source":6,
      "target":22,
      "label":"role"
    },
    {
      "source":0,
      "target":9,
      "label":"role"
    },
    {
      "source":11,
      "target":9,
      "label":"role"
    },
    {
      "source":2,
      "target":9,
      "label":"role"
    },
    {
      "source":3,
      "target":9,
      "label":"role"
    },
    {
      "source":4,
      "target":9,
      "label":"role"
    },
    {
      "source":5,
      "target":9,
      "label":"role"
    },
    {
      "source":4,
      "target":9,
      "label":"role"
    },
    {
      "source":7,
      "target":9,
      "label":"role"
    },
    {
      "source":8,
      "target":9,
      "label":"role"
    },
    {
      "source":10,
      "target":15,
      "label":"role"
    },
    {
      "source":1,
      "target":14,
      "label":"role"
    },
    {
      "source":9,
      "target":14,
      "label":"role"
    },
    {
      "source":8,
      "target":15,
      "label":"role"
    },
    {
      "source":11,
      "target":15,
      "label":"role"
    },
    {
      "source":1,
      "target":15,
      "label":"role"
    },
    {
      "source":2,
      "target":15,
      "label":"role"
    },
    {
      "source":3,
      "target":14,
      "label":"role"
    },
    {
      "source":4,
      "target":14,
      "label":"role"
    },
    {
      "source":5,
      "target":14,
      "label":"role"
    },
    {
      "source":6,
      "target":14,
      "label":"role"
    },
    {
      "source":7,
      "target":14,
      "label":"role"
    },
    {
      "source":12,
      "target":14,
      "label":"role"
    },
    {
      "source":13,
      "target":14,
      "label":"role"
    },
    {
      "source":0,
      "target":16,
      "label":"role"
    },
    {
      "source":1,
      "target":16,
      "label":"role"
    },
    {
      "source":2,
      "target":16,
      "label":"role"
    },
    {
      "source":3,
      "target":15,
      "label":"role"
    },
    {
      "source":4,
      "target":15,
      "label":"role"
    },
    {
      "source":5,
      "target":15,
      "label":"role"
    },
    {
      "source":6,
      "target":13,
      "label":"role"
    },
    {
      "source":32,
      "target":20,
      "label":"condition"
    },
    {
      "source":20,
      "target":21,
      "label":"condition"
    },
    {
      "source":21,
      "target":22,
      "label":"condition"
    },
    {
      "source":27,
      "target":29,
      "label":"condition"
    },
    {
      "source":29,
      "target":2,
      "label":"condition"
    },
    {
      "source":28,
      "target":2,
      "label":"condition"
    },
    {
      "source":2,
      "target":3,
      "label":"condition"
    },
    {
      "source":3,
      "target":4,
      "label":"condition"
    },
    {
      "source":4,
      "target":5,
      "label":"condition"
    },
    {
      "source":5,
      "target":6,
      "label":"condition"
    },
    {
      "source":6,
      "target":7,
      "label":"condition"
    },
    {
      "source":8,
      "target":10,
      "label":"condition"
    },
    {
      "source":10,
      "target":11,
      "label":"condition"
    },
    {
      "source":13,
      "target":11,
      "label":"condition"
    },
    {
      "source":17,
      "target":11,
      "label":"condition"
    },
    {
      "source":15,
      "target":12,
      "label":"condition"
    },
    {
      "source":16,
      "target":12,
      "label":"condition"
    },
    {
      "source":14,
      "target":12,
      "label":"condition"
    },
    {
      "source":11,
      "target":12,
      "label":"condition"
    },
    {
      "source":12,
      "target":18,
      "label":"condition"
    },
    {
      "source":18,
      "target":24,
      "label":"condition"
    },
    {
      "source":22,
      "target":31,
      "label":"condition"
    },
    {
      "source":20,
      "target":21,
      "label":"response"
    },
    {
      "source":27,
      "target":29,
      "label":"response"
    },
    {
      "source":29,
      "target":2,
      "label":"response"
    },
    {
      "source":2,
      "target":3,
      "label":"response"
    },
    {
      "source":3,
      "target":4,
      "label":"response"
    },
    {
      "source":4,
      "target":5,
      "label":"response"
    },
    {
      "source":5,
      "target":6,
      "label":"response"
    },
    {
      "source":6,
      "target":7,
      "label":"response"
    },
    {
      "source":21,
      "target":22,
      "label":"response"
    },
    {
      "source":21,
      "target":23,
      "label":"response"
    },
    {
      "source":8,
      "target":10,
      "label":"response"
    },
    {
      "source":10,
      "target":11,
      "label":"response"
    },
    {
      "source":11,
      "target":12,
      "label":"response"
    },
    {
      "source":12,
      "target":18,
      "label":"response"
    },
    {
      "source":18,
      "target":24,
      "label":"response"
    },
    {
      "source":22,
      "target":31,
      "label":"response"
    },
    {
      "source":32,
      "target":20,
      "label":"response"
    },
    {
      "source":27,
      "target":27,
      "label":"exclude"
    },
    {
      "source":29,
      "target":29,
      "label":"exclude"
    },
    {
      "source":2,
      "target":2,
      "label":"exclude"
    },
    {
      "source":3,
      "target":3,
      "label":"exclude"
    },
    {
      "source":4,
      "target":4,
      "label":"exclude"
    },
    {
      "source":5,
      "target":5,
      "label":"exclude"
    },
    {
      "source":6,
      "target":6,
      "label":"exclude"
    },
    {
      "source":7,
      "target":7,
      "label":"exclude"
    },
    {
      "source":2,
      "target":30,
      "label":"exclude"
    },
    {
      "source":30,
      "target":30,
      "label":"exclude"
    },
    {
      "source":28,
      "target":28,
      "label":"exclude"
    },
    {
      "source":0,
      "target":0,
      "label":"exclude"
    },
    {
      "source":1,
      "target":1,
      "label":"exclude"
    },
    {
      "source":9,
      "target":9,
      "label":"exclude"
    },
    {
      "source":26,
      "target":26,
      "label":"exclude"
    },
    {
      "source":19,
      "target":19,
      "label":"exclude"
    },
    {
      "source":8,
      "target":8,
      "label":"exclude"
    },
    {
      "source":10,
      "target":10,
      "label":"exclude"
    },
    {
      "source":11,
      "target":11,
      "label":"exclude"
    },
    {
      "source":17,
      "target":17,
      "label":"exclude"
    },
    {
      "source":13,
      "target":13,
      "label":"exclude"
    },
    {
      "source":12,
      "target":12,
      "label":"exclude"
    },
    {
      "source":15,
      "target":15,
      "label":"exclude"
    },
    {
      "source":16,
      "target":16,
      "label":"exclude"
    },
    {
      "source":14,
      "target":14,
      "label":"exclude"
    },
    {
      "source":25,
      "target":25,
      "label":"exclude"
    },
    {
      "source":18,
      "target":18,
      "label":"exclude"
    },
    {
      "source":24,
      "target":24,
      "label":"exclude"
    },
    {
      "source":23,
      "target":23,
      "label":"exclude"
    },
    {
      "source":33,
      "target":20,
      "label":"exclude"
    },
    {
      "source":33,
      "target":21,
      "label":"exclude"
    },
    {
      "source":33,
      "target":22,
      "label":"exclude"
    },
    {
      "source":29,
      "target":30,
      "label":"include"
    },
    {
      "source":15,
      "target":25,
      "label":"include"
    },
    {
      "source":16,
      "target":25,
      "label":"include"
    },
    {
      "source":14,
      "target":25,
      "label":"include"
    },
    {
      "source":22,
      "target":31,
      "label":"include"
    },
    {
      "source":41,
      "target":43,
      "label":"exclude"
    },
    {
      "source":41,
      "target":41,
      "label":"exclude"
    },
    {
      "source":41,
      "target":42,
      "label":"include"
    },
    {
      "source":7,
      "target":1,
      "label":"condition"
    },
    {
      "source":1,
      "target":2,
      "label":"condition"
    },
    {
      "source":3,
      "target":4,
      "label":"condition"
    },
    {
      "source":23,
      "target":24,
      "label":"condition"
    },
    {
      "source":12,
      "target":13,
      "label":"condition"
    },
    {
      "source":10,
      "target":0,
      "label":"condition"
    },
    {
      "source":27,
      "target":20,
      "label":"condition"
    },
    {
      "source":24,
      "target":25,
      "label":"condition"
    },
    {
      "source":22,
      "target":23,
      "label":"condition"
    },
    {
      "source":21,
      "target":26,
      "label":"condition"
    },
    {
      "source":26,
      "target":27,
      "label":"condition"
    },
    {
      "source":14,
      "target":6,
      "label":"condition"
    },
    {
      "source":5,
      "target":12,
      "label":"condition"
    },
    {
      "source":13,
      "target":14,
      "label":"condition"
    },
    {
      "source":2,
      "target":19,
      "label":"condition"
    },
    {
      "source":19,
      "target":3,
      "label":"condition"
    },
    {
      "source":0,
      "target":7,
      "label":"condition"
    },
    {
      "source":4,
      "target":28,
      "label":"condition"
    },
    {
      "source":28,
      "target":5,
      "label":"condition"
    },
    {
      "source":28,
      "target":15,
      "label":"condition"
    },
    {
      "source":16,
      "target":18,
      "label":"condition"
    },
    {
      "source":18,
      "target":17,
      "label":"condition"
    },
    {
      "source":13,
      "target":16,
      "label":"condition"
    },
    {
      "source":7,
      "target":1,
      "label":"response"
    },
    {
      "source":1,
      "target":2,
      "label":"response"
    },
    {
      "source":3,
      "target":4,
      "label":"response"
    },
    {
      "source":23,
      "target":24,
      "label":"response"
    },
    {
      "source":13,
      "target":14,
      "label":"response"
    },
    {
      "source":10,
      "target":0,
      "label":"response"
    },
    {
      "source":27,
      "target":20,
      "label":"response"
    },
    {
      "source":24,
      "target":25,
      "label":"response"
    },
    {
      "source":12,
      "target":13,
      "label":"response"
    },
    {
      "source":22,
      "target":23,
      "label":"response"
    },
    {
      "source":21,
      "target":26,
      "label":"response"
    },
    {
      "source":26,
      "target":27,
      "label":"response"
    },
    {
      "source":14,
      "target":6,
      "label":"response"
    },
    {
      "source":15,
      "target":5,
      "label":"response"
    },
    {
      "source":5,
      "target":12,
      "label":"response"
    },
    {
      "source":2,
      "target":19,
      "label":"response"
    },
    {
      "source":19,
      "target":3,
      "label":"response"
    },
    {
      "source":0,
      "target":7,
      "label":"response"
    },
    {
      "source":4,
      "target":28,
      "label":"response"
    },
    {
      "source":28,
      "target":5,
      "label":"response"
    },
    {
      "source":28,
      "target":15,
      "label":"response"
    },
    {
      "source":16,
      "target":18,
      "label":"response"
    },
    {
      "source":18,
      "target":17,
      "label":"response"
    },
    {
      "source":18,
      "target":16,
      "label":"response"
    },
    {
      "source":13,
      "target":16,
      "label":"response"
    },
    {
      "source":15,
      "target":5,
      "label":"include"
    },
    {
      "source":13,
      "target":14,
      "label":"include"
    },
    {
      "source":12,
      "target":13,
      "label":"include"
    },
    {
      "source":5,
      "target":11,
      "label":"include"
    },
    {
      "source":14,
      "target":6,
      "label":"include"
    },
    {
      "source":5,
      "target":12,
      "label":"include"
    },
    {
      "source":28,
      "target":15,
      "label":"include"
    },
    {
      "source":13,
      "target":16,
      "label":"include"
    },
    {
      "source":13,
      "target":15,
      "label":"include"
    },
    {
      "source":18,
      "target":17,
      "label":"include"
    },
    {
      "source":28,
      "target":5,
      "label":"include"
    },
    {
      "source":0,
      "target":11,
      "label":"condition"
    },
    {
      "source":0,
      "target":12,
      "label":"condition"
    },
    {
      "source":12,
      "target":17,
      "label":"condition"
    },
    {
      "source":5,
      "target":6,
      "label":"condition"
    },
    {
      "source":7,
      "target":5,
      "label":"condition"
    },
    {
      "source":6,
      "target":8,
      "label":"condition"
    },
    {
      "source":6,
      "target":9,
      "label":"condition"
    },
    {
      "source":0,
      "target":1,
      "label":"condition"
    },
    {
      "source":11,
      "target":18,
      "label":"condition"
    },
    {
      "source":18,
      "target":17,
      "label":"condition"
    },
    {
      "source":12,
      "target":16,
      "label":"condition"
    },
    {
      "source":18,
      "target":16,
      "label":"condition"
    },
    {
      "source":16,
      "target":2,
      "label":"condition"
    },
    {
      "source":3,
      "target":4,
      "label":"condition"
    },
    {
      "source":3,
      "target":7,
      "label":"condition"
    },
    {
      "source":12,
      "target":13,
      "label":"condition"
    },
    {
      "source":5,
      "target":6,
      "label":"response"
    },
    {
      "source":6,
      "target":8,
      "label":"response"
    },
    {
      "source":6,
      "target":9,
      "label":"response"
    },
    {
      "source":3,
      "target":4,
      "label":"response"
    },
    {
      "source":3,
      "target":7,
      "label":"response"
    },
    {
      "source":8,
      "target":5,
      "label":"response"
    },
    {
      "source":17,
      "target":16,
      "label":"exclude"
    },
    {
      "source":7,
      "target":4,
      "label":"exclude"
    },
    {
      "source":4,
      "target":7,
      "label":"exclude"
    },
    {
      "source":9,
      "target":8,
      "label":"exclude"
    },
    {
      "source":8,
      "target":9,
      "label":"exclude"
    },
    {
      "source":9,
      "target":9,
      "label":"exclude"
    },
    {
      "source":0,
      "target":0,
      "label":"exclude"
    },
    {
      "source":1,
      "target":1,
      "label":"exclude"
    },
    {
      "source":11,
      "target":13,
      "label":"exclude"
    },
    {
      "source":11,
      "target":17,
      "label":"exclude"
    },
    {
      "source":16,
      "target":16,
      "label":"exclude"
    },
    {
      "source":9,
      "target":2,
      "label":"exclude"
    },
    {
      "source":11,
      "target":16,
      "label":"exclude"
    },
    {
      "source":1,
      "target":10,
      "label":"exclude"
    },
    {
      "source":16,
      "target":10,
      "label":"exclude"
    },
    {
      "source":17,
      "target":13,
      "label":"exclude"
    },
    {
      "source":6,
      "target":6,
      "label":"exclude"
    },
    {
      "source":4,
      "target":4,
      "label":"exclude"
    },
    {
      "source":7,
      "target":7,
      "label":"exclude"
    },
    {
      "source":8,
      "target":8,
      "label":"exclude"
    },
    {
      "source":1,
      "target":2,
      "label":"exclude"
    },
    {
      "source":0,
      "target":1,
      "label":"include"
    },
    {
      "source":1,
      "target":0,
      "label":"include"
    },
    {
      "source":11,
      "target":18,
      "label":"include"
    },
    {
      "source":12,
      "target":13,
      "label":"include"
    },
    {
      "source":12,
      "target":17,
      "label":"include"
    },
    {
      "source":12,
      "target":16,
      "label":"include"
    },
    {
      "source":16,
      "target":2,
      "label":"include"
    },
    {
      "source":3,
      "target":4,
      "label":"include"
    },
    {
      "source":3,
      "target":7,
      "label":"include"
    },
    {
      "source":7,
      "target":5,
      "label":"include"
    },
    {
      "source":0,
      "target":10,
      "label":"include"
    },
    {
      "source":5,
      "target":6,
      "label":"include"
    },
    {
      "source":6,
      "target":9,
      "label":"include"
    },
    {
      "source":6,
      "target":8,
      "label":"include"
    },
    {
      "source":1,
      "target":2,
      "label":"condition"
    },
    {
      "source":3,
      "target":1,
      "label":"condition"
    },
    {
      "source":0,
      "target":12,
      "label":"condition"
    },
    {
      "source":0,
      "target":19,
      "label":"condition"
    },
    {
      "source":8,
      "target":5,
      "label":"response"
    },
    {
      "source":8,
      "target":6,
      "label":"response"
    },
    {
      "source":1,
      "target":2,
      "label":"response"
    },
    {
      "source":11,
      "target":10,
      "label":"response"
    },
    {
      "source":10,
      "target":11,
      "label":"response"
    },
    {
      "source":10,
      "target":0,
      "label":"response"
    },
    {
      "source":20,
      "target":21,
      "label":"response"
    },
    {
      "source":21,
      "target":18,
      "label":"response"
    },
    {
      "source":21,
      "target":8,
      "label":"response"
    },
    {
      "source":7,
      "target":5,
      "label":"response"
    },
    {
      "source":3,
      "target":1,
      "label":"response"
    },
    {
      "source":21,
      "target":4,
      "label":"response"
    },
    {
      "source":6,
      "target":18,
      "label":"response"
    },
    {
      "source":7,
      "target":6,
      "label":"response"
    },
    {
      "source":5,
      "target":3,
      "label":"response"
    },
    {
      "source":0,
      "target":19,
      "label":"response"
    },
    {
      "source":7,
      "target":6,
      "label":"coresponse"
    },
    {
      "source":7,
      "target":5,
      "label":"coresponse"
    },
    {
      "source":21,
      "target":20,
      "label":"coresponse"
    },
    {
      "source":5,
      "target":6,
      "label":"coresponse"
    },
    {
      "source":10,
      "target":9,
      "label":"exclude"
    },
    {
      "source":5,
      "target":4,
      "label":"exclude"
    },
    {
      "source":18,
      "target":12,
      "label":"exclude"
    },
    {
      "source":1,
      "target":2,
      "label":"exclude"
    },
    {
      "source":18,
      "target":4,
      "label":"exclude"
    },
    {
      "source":6,
      "target":4,
      "label":"exclude"
    },
    {
      "source":8,
      "target":7,
      "label":"exclude"
    },
    {
      "source":18,
      "target":0,
      "label":"exclude"
    },
    {
      "source":18,
      "target":19,
      "label":"exclude"
    },
    {
      "source":21,
      "target":19,
      "label":"exclude"
    },
    {
      "source":1,
      "target":3,
      "label":"exclude"
    },
    {
      "source":1,
      "target":1,
      "label":"exclude"
    },
    {
      "source":2,
      "target":2,
      "label":"exclude"
    },
    {
      "source":21,
      "target":4,
      "label":"include"
    },
    {
      "source":1,
      "target":2,
      "label":"include"
    },
    {
      "source":8,
      "target":7,
      "label":"include"
    },
    {
      "source":0,
      "target":19,
      "label":"include"
    },
    {
      "source":5,
      "target":3,
      "label":"include"
    },
    {
      "source":3,
      "target":1,
      "label":"include"
    },
    {
      "source":11,
      "target":10,
      "label":"milestone"
    },
    {
      "source":9,
      "target":0,
      "label":"milestone"
    },
    {
      "source":8,
      "target":5,
      "label":"milestone"
    },
    {
      "source":8,
      "target":6,
      "label":"milestone"
    },
    {
      "source":18,
      "target":4,
      "label":"milestone"
    },
    {
      "source":4,
      "target":0,
      "label":"milestone"
    },
    {
      "source":0,
      "target":12,
      "label":"milestone"
    },
    {
      "source":8,
      "target":7,
      "label":"milestone"
    },
    {
      "source":19,
      "target":0,
      "label":"milestone"
    },
    {
      "source":18,
      "target":0,
      "label":"milestone"
    },
    {
      "source":1,
      "target":0,
      "label":"condition"
    },
    {
      "source":4,
      "target":5,
      "label":"condition"
    },
    {
      "source":3,
      "target":2,
      "label":"response"
    },
    {
      "source":6,
      "target":1,
      "label":"exclude"
    },
    {
      "source":1,
      "target":2,
      "label":"condition"
    },
    {
      "source":2,
      "target":3,
      "label":"condition"
    },
    {
      "source":3,
      "target":4,
      "label":"condition"
    },
    {
      "source":4,
      "target":7,
      "label":"condition"
    },
    {
      "source":5,
      "target":14,
      "label":"condition"
    },
    {
      "source":18,
      "target":19,
      "label":"condition"
    },
    {
      "source":19,
      "target":20,
      "label":"condition"
    },
    {
      "source":20,
      "target":21,
      "label":"condition"
    },
    {
      "source":21,
      "target":6,
      "label":"condition"
    },
    {
      "source":9,
      "target":5,
      "label":"condition"
    },
    {
      "source":16,
      "target":17,
      "label":"condition"
    },
    {
      "source":0,
      "target":10,
      "label":"condition"
    },
    {
      "source":10,
      "target":1,
      "label":"condition"
    },
    {
      "source":1,
      "target":2,
      "label":"response"
    },
    {
      "source":2,
      "target":3,
      "label":"response"
    },
    {
      "source":3,
      "target":4,
      "label":"response"
    },
    {
      "source":4,
      "target":7,
      "label":"response"
    },
    {
      "source":8,
      "target":3,
      "label":"response"
    },
    {
      "source":15,
      "target":6,
      "label":"response"
    },
    {
      "source":19,
      "target":20,
      "label":"response"
    },
    {
      "source":20,
      "target":21,
      "label":"response"
    },
    {
      "source":21,
      "target":6,
      "label":"response"
    },
    {
      "source":16,
      "target":17,
      "label":"response"
    },
    {
      "source":0,
      "target":10,
      "label":"response"
    },
    {
      "source":10,
      "target":1,
      "label":"response"
    },
    {
      "source":9,
      "target":5,
      "label":"response"
    },
    {
      "source":5,
      "target":14,
      "label":"response"
    },
    {
      "source":10,
      "target":10,
      "label":"coresponse"
    },
    {
      "source":15,
      "target":16,
      "label":"exclude"
    },
    {
      "source":15,
      "target":17,
      "label":"exclude"
    },
    {
      "source":4,
      "target":0,
      "label":"condition"
    },
    {
      "source":2,
      "target":11,
      "label":"condition"
    },
    {
      "source":11,
      "target":6,
      "label":"condition"
    },
    {
      "source":13,
      "target":4,
      "label":"condition"
    },
    {
      "source":7,
      "target":12,
      "label":"condition"
    },
    {
      "source":4,
      "target":0,
      "label":"response"
    },
    {
      "source":11,
      "target":6,
      "label":"response"
    },
    {
      "source":2,
      "target":11,
      "label":"response"
    },
    {
      "source":13,
      "target":4,
      "label":"response"
    },
    {
      "source":7,
      "target":12,
      "label":"response"
    },
    {
      "source":1,
      "target":5,
      "label":"response"
    },
    {
      "source":1,
      "target":1,
      "label":"exclude"
    },
    {
      "source":2,
      "target":2,
      "label":"exclude"
    },
    {
      "source":1,
      "target":2,
      "label":"exclude"
    },
    {
      "source":2,
      "target":1,
      "label":"exclude"
    },
    {
      "source":13,
      "target":7,
      "label":"exclude"
    },
    {
      "source":4,
      "target":4,
      "label":"exclude"
    },
    {
      "source":12,
      "target":12,
      "label":"exclude"
    },
    {
      "source":1,
      "target":11,
      "label":"exclude"
    },
    {
      "source":1,
      "target":6,
      "label":"exclude"
    },
    {
      "source":5,
      "target":11,
      "label":"exclude"
    },
    {
      "source":5,
      "target":6,
      "label":"exclude"
    },
    {
      "source":11,
      "target":5,
      "label":"exclude"
    },
    {
      "source":3,
      "target":7,
      "label":"include"
    },
    {
      "source":7,
      "target":12,
      "label":"include"
    },
    {
      "source":13,
      "target":4,
      "label":"include"
    },
    {
      "source":2,
      "target":11,
      "label":"include"
    },
    {
      "source":11,
      "target":6,
      "label":"include"
    },
    {
      "source":0,
      "target":8,
      "label":"condition"
    },
    {
      "source":8,
      "target":7,
      "label":"condition"
    },
    {
      "source":8,
      "target":1,
      "label":"condition"
    },
    {
      "source":7,
      "target":6,
      "label":"condition"
    },
    {
      "source":7,
      "target":3,
      "label":"condition"
    },
    {
      "source":7,
      "target":5,
      "label":"condition"
    },
    {
      "source":3,
      "target":4,
      "label":"condition"
    },
    {
      "source":1,
      "target":5,
      "label":"condition"
    },
    {
      "source":5,
      "target":2,
      "label":"condition"
    },
    {
      "source":5,
      "target":3,
      "label":"condition"
    },
    {
      "source":0,
      "target":8,
      "label":"response"
    },
    {
      "source":8,
      "target":7,
      "label":"response"
    },
    {
      "source":7,
      "target":3,
      "label":"response"
    },
    {
      "source":6,
      "target":3,
      "label":"response"
    },
    {
      "source":3,
      "target":4,
      "label":"response"
    },
    {
      "source":1,
      "target":7,
      "label":"response"
    },
    {
      "source":1,
      "target":5,
      "label":"response"
    },
    {
      "source":5,
      "target":3,
      "label":"response"
    },
    {
      "source":0,
      "target":0,
      "label":"exclude"
    },
    {
      "source":8,
      "target":8,
      "label":"exclude"
    },
    {
      "source":7,
      "target":7,
      "label":"exclude"
    },
    {
      "source":6,
      "target":6,
      "label":"exclude"
    },
    {
      "source":3,
      "target":3,
      "label":"exclude"
    },
    {
      "source":4,
      "target":4,
      "label":"exclude"
    },
    {
      "source":1,
      "target":1,
      "label":"exclude"
    },
    {
      "source":2,
      "target":2,
      "label":"exclude"
    },
    {
      "source":7,
      "target":3,
      "label":"exclude"
    },
    {
      "source":7,
      "target":4,
      "label":"exclude"
    },
    {
      "source":5,
      "target":6,
      "label":"exclude"
    },
    {
      "source":2,
      "target":3,
      "label":"exclude"
    },
    {
      "source":3,
      "target":2,
      "label":"exclude"
    },
    {
      "source":3,
      "target":5,
      "label":"exclude"
    },
    {
      "source":5,
      "target":5,
      "label":"exclude"
    },
    {
      "source":7,
      "target":1,
      "label":"exclude"
    },
    {
      "source":7,
      "target":5,
      "label":"exclude"
    },
    {
      "source":7,
      "target":2,
      "label":"exclude"
    },
    {
      "source":3,
      "target":6,
      "label":"exclude"
    },
    {
      "source":0,
      "target":8,
      "label":"include"
    },
    {
      "source":8,
      "target":1,
      "label":"include"
    },
    {
      "source":7,
      "target":6,
      "label":"include"
    },
    {
      "source":3,
      "target":4,
      "label":"include"
    },
    {
      "source":5,
      "target":2,
      "label":"include"
    },
    {
      "source":2,
      "target":5,
      "label":"include"
    },
    {
      "source":5,
      "target":3,
      "label":"include"
    },
    {
      "source":7,
      "target":3,
      "label":"include"
    },
    {
      "source":0,
      "target":1,
      "label":"condition"
    },
    {
      "source":1,
      "target":2,
      "label":"condition"
    },
    {
      "source":2,
      "target":3,
      "label":"condition"
    },
    {
      "source":3,
      "target":4,
      "label":"condition"
    },
    {
      "source":3,
      "target":5,
      "label":"condition"
    },
    {
      "source":0,
      "target":3,
      "label":"condition"
    },
    {
      "source":5,
      "target":6,
      "label":"condition"
    },
    {
      "source":2,
      "target":7,
      "label":"condition"
    },
    {
      "source":2,
      "target":8,
      "label":"condition"
    },
    {
      "source":7,
      "target":9,
      "label":"condition"
    },
    {
      "source":8,
      "target":9,
      "label":"condition"
    },
    {
      "source":9,
      "target":10,
      "label":"condition"
    },
    {
      "source":9,
      "target":13,
      "label":"condition"
    },
    {
      "source":10,
      "target":11,
      "label":"condition"
    },
    {
      "source":11,
      "target":12,
      "label":"condition"
    },
    {
      "source":13,
      "target":12,
      "label":"condition"
    },
    {
      "source":4,
      "target":7,
      "label":"condition"
    },
    {
      "source":4,
      "target":8,
      "label":"condition"
    },
    {
      "source":5,
      "target":4,
      "label":"exclude"
    },
    {
      "source":4,
      "target":5,
      "label":"exclude"
    },
    {
      "source":7,
      "target":7,
      "label":"exclude"
    },
    {
      "source":8,
      "target":8,
      "label":"exclude"
    },
    {
      "source":10,
      "target":13,
      "label":"exclude"
    },
    {
      "source":13,
      "target":10,
      "label":"exclude"
    },
    {
      "source":0,
      "target":1,
      "label":"condition"
    },
    {
      "source":1,
      "target":2,
      "label":"condition"
    },
    {
      "source":9,
      "target":8,
      "label":"condition"
    },
    {
      "source":5,
      "target":6,
      "label":"condition"
    },
    {
      "source":8,
      "target":11,
      "label":"condition"
    },
    {
      "source":10,
      "target":9,
      "label":"condition"
    },
    {
      "source":11,
      "target":1,
      "label":"condition"
    },
    {
      "source":1,
      "target":3,
      "label":"condition"
    },
    {
      "source":10,
      "target":9,
      "label":"response"
    },
    {
      "source":4,
      "target":5,
      "label":"response"
    },
    {
      "source":5,
      "target":6,
      "label":"response"
    },
    {
      "source":6,
      "target":4,
      "label":"response"
    },
    {
      "source":5,
      "target":10,
      "label":"response"
    },
    {
      "source":9,
      "target":8,
      "label":"response"
    },
    {
      "source":8,
      "target":11,
      "label":"response"
    },
    {
      "source":8,
      "target":6,
      "label":"exclude"
    },
    {
      "source":6,
      "target":7,
      "label":"exclude"
    },
    {
      "source":6,
      "target":4,
      "label":"include"
    },
    {
      "source":5,
      "target":7,
      "label":"include"
    },
  ]
}