{
  "id":"21",
  "flavor":2,
  "framework":"dcr",
  "version":1.0,
  "time":"13:1:38",
  "source":"Process 21.xml",
  "input":"The process begins when the Project Manager must hand over the Operational Readiness Review (ORR) documentation task to the Delivery Project Lead (DPL). The DPL must initialise the ORR process once, thereafter the contract requirements and the ORR checklist must be checked.Then the DPL must create the documentation tasks for the different stakeholders. He sends these tasks to the Operations Team who creates the documentation required. The DPL also sends documentation tasks to the Project Manager, who then delegates the tasks in the project team. The Operations Team and the Project Manager sends the documentation to the DPL once the tasks are completed. The DPL receives the documentation from the Project Manager and the Operation Team Manager and compiles the documentation. Then the DPL sends an invitation to the Project Manager and the Operations Team Manager for an approval meeting. At the meeting they either reject or approve the documentation. If it gets rejected, the documentation has to be reworked. If there is rework, the approval will be in written format without a new meeting. After the approval, the DPL compiles the documentation and sends it to approval with the customer. If the documentation is approved at the meeting, the DPL must send the documentation to approval with the customer. The customer receives and reads the documentation, and either rejects or approves it. If rejected, the customer must send the documentation back to the DPL, who then facilitates the rework. If approved, the document is sent to the DPL and the ORR process is complete.",
  "tops":[
    0,1,2,3,4,5,6,7,8,9,10,11,12,13,14,15,16,17,18,19,20,21,22,23,24,25,26,27,28,29,30,31,32,33,41,42,43,0,1,2,3,4,5,6,7,8,9,10,11,12,13,14,15,16,17,18,19,20,21,22,23,24,25,26,27,28
  ],
  "nodes":[
    {
      "id":0,
      "label":"Follows the ISO 9001"
    },
    {
      "id":1,
      "label":"Follows the ISO 22000"
    },
    {
      "id":2,
      "label":"Water Going through special Treatment"
    },
    {
      "id":3,
      "label":"Make sure water has the correct amount of dissolved salts"
    },
    {
      "id":4,
      "label":"Dissolve correct amount of sugar in the water"
    },
    {
      "id":5,
      "label":"Filtering of water"
    },
    {
      "id":6,
      "label":"Simple Syrup mixed with Special Concentrate"
    },
    {
      "id":7,
      "label":"flash pasteurisation thermal process"
    },
    {
      "id":8,
      "label":"Treated water mixed with final concentrate"
    },
    {
      "id":9,
      "label":"Follows the Quality and Food Safety policy"
    },
    {
      "id":10,
      "label":"carbon dioxide is added"
    },
    {
      "id":11,
      "label":"drink is the filled into the bottles"
    },
    {
      "id":12,
      "label":"ready to be packaged"
    },
    {
      "id":13,
      "label":"bottles must be perfectly clean"
    },
    {
      "id":14,
      "label":"hermetically sealing of bottles"
    },
    {
      "id":15,
      "label":"labeling of bottles"
    },
    {
      "id":16,
      "label":"coding of bottles"
    },
    {
      "id":17,
      "label":"test sturdiness of bottles"
    },
    {
      "id":18,
      "label":"Apropriate packaging for shipping selected"
    },
    {
      "id":19,
      "label":"Follows the global standards of the Coca Cola company"
    },
    {
      "id":20,
      "label":"Legislation"
    },
    {
      "id":21,
      "label":"Liquid Production"
    },
    {
      "id":22,
      "label":"Packaging"
    },
    {
      "id":23,
      "label":"Cleaning of tools and machines"
    },
    {
      "id":24,
      "label":"Product packaged in containers"
    },
    {
      "id":25,
      "label":"Reject even the tiniest irregularity"
    },
    {
      "id":26,
      "label":"not violating any external legislation"
    },
    {
      "id":27,
      "label":"make sure all ingredients are available"
    },
    {
      "id":28,
      "label":"Make sure machine is clean"
    },
    {
      "id":29,
      "label":"ingredients inspected before production"
    },
    {
      "id":30,
      "label":"Iregularity = Decline Ingredients"
    },
    {
      "id":31,
      "label":"Product Shipped"
    },
    {
      "id":32,
      "label":"Warehouse Request more Product"
    },
    {
      "id":33,
      "label":"Cacellation of inqury"
    },
    {
      "id":34,
      "label":"Cleaning team"
    },
    {
      "id":35,
      "label":"electronic bottle inspection equipment"
    },
    {
      "id":36,
      "label":"machines"
    },
    {
      "id":37,
      "label":"the company"
    },
    {
      "id":38,
      "label":"the HQ"
    },
    {
      "id":39,
      "label":"the production team"
    },
    {
      "id":40,
      "label":"warehouse"
    },
    {
      "id":41,
      "label":"Product Shipped"
    },
    {
      "id":42,
      "label":"Warehouse Request more Product"
    },
    {
      "id":43,
      "label":"Cacellation of inqury"
    },
    {
      "id":44,
      "label":"Cleaning team"
    },
    {
      "id":45,
      "label":"electronic bottle inspection equipment"
    },
    {
      "id":46,
      "label":"machines"
    },
    {
      "id":47,
      "label":"the company"
    },
    {
      "id":48,
      "label":"the HQ"
    },
    {
      "id":49,
      "label":"the production team"
    },
    {
      "id":50,
      "label":"warehouse"
    },
    {
      "id":0,
      "label":"Initialise the ORR process"
    },
    {
      "id":1,
      "label":"Create the documentation tasks"
    },
    {
      "id":2,
      "label":"Send documentation tasks"
    },
    {
      "id":3,
      "label":"Compiles the documentation"
    },
    {
      "id":4,
      "label":"Send an invitation"
    },
    {
      "id":5,
      "label":"Send documentation for approval"
    },
    {
      "id":6,
      "label":"Receives approved documentation"
    },
    {
      "id":7,
      "label":"Check formalities"
    },
    {
      "id":8,
      "label":"Contract requirements"
    },
    {
      "id":9,
      "label":"ORR checklist"
    },
    {
      "id":10,
      "label":"Hands over documentation task"
    },
    {
      "id":11,
      "label":"Customer approval subprocess"
    },
    {
      "id":12,
      "label":"Evaluate the documentation"
    },
    {
      "id":13,
      "label":"Customer approval"
    },
    {
      "id":14,
      "label":"Send documentation to DPL"
    },
    {
      "id":15,
      "label":"Rework subprocess"
    },
    {
      "id":16,
      "label":"Facilitates rework tasks"
    },
    {
      "id":17,
      "label":"Compiles the documentation"
    },
    {
      "id":18,
      "label":"Get written approval"
    },
    {
      "id":19,
      "label":"Create documentation"
    },
    {
      "id":20,
      "label":"Send documentation"
    },
    {
      "id":21,
      "label":"Receive tasks"
    },
    {
      "id":22,
      "label":"Receive tasks"
    },
    {
      "id":23,
      "label":"Delegate tasks"
    },
    {
      "id":24,
      "label":"Compiles documentation from his department"
    },
    {
      "id":25,
      "label":"Send documentation"
    },
    {
      "id":26,
      "label":"Delegate tasks"
    },
    {
      "id":27,
      "label":"Compiles documentation from his department"
    },
    {
      "id":28,
      "label":"Internal approval meeting"
    },
    {
      "id":29,
      "label":"Customer"
    },
    {
      "id":30,
      "label":"DPL"
    },
    {
      "id":31,
      "label":"Operations Team"
    },
    {
      "id":32,
      "label":"Project Manager"
    },
  ],
  "edges":[
    {
      "source":41,
      "target":47,
      "label":"role"
    },
    {
      "source":42,
      "target":50,
      "label":"role"
    },
    {
      "source":43,
      "target":50,
      "label":"role"
    },
    {
      "source":23,
      "target":48,
      "label":"role"
    },
    {
      "source":0,
      "target":48,
      "label":"role"
    },
    {
      "source":1,
      "target":48,
      "label":"role"
    },
    {
      "source":0,
      "target":48,
      "label":"role"
    },
    {
      "source":0,
      "target":30,
      "label":"role"
    },
    {
      "source":1,
      "target":30,
      "label":"role"
    },
    {
      "source":2,
      "target":30,
      "label":"role"
    },
    {
      "source":3,
      "target":30,
      "label":"role"
    },
    {
      "source":4,
      "target":30,
      "label":"role"
    },
    {
      "source":5,
      "target":30,
      "label":"role"
    },
    {
      "source":6,
      "target":30,
      "label":"role"
    },
    {
      "source":7,
      "target":30,
      "label":"role"
    },
    {
      "source":8,
      "target":30,
      "label":"role"
    },
    {
      "source":9,
      "target":30,
      "label":"role"
    },
    {
      "source":10,
      "target":32,
      "label":"role"
    },
    {
      "source":32,
      "target":20,
      "label":"condition"
    },
    {
      "source":20,
      "target":21,
      "label":"condition"
    },
    {
      "source":21,
      "target":22,
      "label":"condition"
    },
    {
      "source":27,
      "target":29,
      "label":"condition"
    },
    {
      "source":29,
      "target":2,
      "label":"condition"
    },
    {
      "source":28,
      "target":2,
      "label":"condition"
    },
    {
      "source":2,
      "target":3,
      "label":"condition"
    },
    {
      "source":3,
      "target":4,
      "label":"condition"
    },
    {
      "source":4,
      "target":5,
      "label":"condition"
    },
    {
      "source":5,
      "target":6,
      "label":"condition"
    },
    {
      "source":6,
      "target":7,
      "label":"condition"
    },
    {
      "source":8,
      "target":10,
      "label":"condition"
    },
    {
      "source":10,
      "target":11,
      "label":"condition"
    },
    {
      "source":13,
      "target":11,
      "label":"condition"
    },
    {
      "source":17,
      "target":11,
      "label":"condition"
    },
    {
      "source":15,
      "target":12,
      "label":"condition"
    },
    {
      "source":16,
      "target":12,
      "label":"condition"
    },
    {
      "source":14,
      "target":12,
      "label":"condition"
    },
    {
      "source":11,
      "target":12,
      "label":"condition"
    },
    {
      "source":12,
      "target":18,
      "label":"condition"
    },
    {
      "source":18,
      "target":24,
      "label":"condition"
    },
    {
      "source":22,
      "target":31,
      "label":"condition"
    },
    {
      "source":20,
      "target":21,
      "label":"response"
    },
    {
      "source":27,
      "target":29,
      "label":"response"
    },
    {
      "source":29,
      "target":2,
      "label":"response"
    },
    {
      "source":2,
      "target":3,
      "label":"response"
    },
    {
      "source":3,
      "target":4,
      "label":"response"
    },
    {
      "source":4,
      "target":5,
      "label":"response"
    },
    {
      "source":5,
      "target":6,
      "label":"response"
    },
    {
      "source":6,
      "target":7,
      "label":"response"
    },
    {
      "source":21,
      "target":22,
      "label":"response"
    },
    {
      "source":21,
      "target":23,
      "label":"response"
    },
    {
      "source":8,
      "target":10,
      "label":"response"
    },
    {
      "source":10,
      "target":11,
      "label":"response"
    },
    {
      "source":11,
      "target":12,
      "label":"response"
    },
    {
      "source":12,
      "target":18,
      "label":"response"
    },
    {
      "source":18,
      "target":24,
      "label":"response"
    },
    {
      "source":22,
      "target":31,
      "label":"response"
    },
    {
      "source":32,
      "target":20,
      "label":"response"
    },
    {
      "source":27,
      "target":27,
      "label":"exclude"
    },
    {
      "source":29,
      "target":29,
      "label":"exclude"
    },
    {
      "source":2,
      "target":2,
      "label":"exclude"
    },
    {
      "source":3,
      "target":3,
      "label":"exclude"
    },
    {
      "source":4,
      "target":4,
      "label":"exclude"
    },
    {
      "source":5,
      "target":5,
      "label":"exclude"
    },
    {
      "source":6,
      "target":6,
      "label":"exclude"
    },
    {
      "source":7,
      "target":7,
      "label":"exclude"
    },
    {
      "source":2,
      "target":30,
      "label":"exclude"
    },
    {
      "source":30,
      "target":30,
      "label":"exclude"
    },
    {
      "source":28,
      "target":28,
      "label":"exclude"
    },
    {
      "source":0,
      "target":0,
      "label":"exclude"
    },
    {
      "source":1,
      "target":1,
      "label":"exclude"
    },
    {
      "source":9,
      "target":9,
      "label":"exclude"
    },
    {
      "source":26,
      "target":26,
      "label":"exclude"
    },
    {
      "source":19,
      "target":19,
      "label":"exclude"
    },
    {
      "source":8,
      "target":8,
      "label":"exclude"
    },
    {
      "source":10,
      "target":10,
      "label":"exclude"
    },
    {
      "source":11,
      "target":11,
      "label":"exclude"
    },
    {
      "source":17,
      "target":17,
      "label":"exclude"
    },
    {
      "source":13,
      "target":13,
      "label":"exclude"
    },
    {
      "source":12,
      "target":12,
      "label":"exclude"
    },
    {
      "source":15,
      "target":15,
      "label":"exclude"
    },
    {
      "source":16,
      "target":16,
      "label":"exclude"
    },
    {
      "source":14,
      "target":14,
      "label":"exclude"
    },
    {
      "source":25,
      "target":25,
      "label":"exclude"
    },
    {
      "source":18,
      "target":18,
      "label":"exclude"
    },
    {
      "source":24,
      "target":24,
      "label":"exclude"
    },
    {
      "source":23,
      "target":23,
      "label":"exclude"
    },
    {
      "source":33,
      "target":20,
      "label":"exclude"
    },
    {
      "source":33,
      "target":21,
      "label":"exclude"
    },
    {
      "source":33,
      "target":22,
      "label":"exclude"
    },
    {
      "source":29,
      "target":30,
      "label":"include"
    },
    {
      "source":15,
      "target":25,
      "label":"include"
    },
    {
      "source":16,
      "target":25,
      "label":"include"
    },
    {
      "source":14,
      "target":25,
      "label":"include"
    },
    {
      "source":22,
      "target":31,
      "label":"include"
    },
    {
      "source":41,
      "target":43,
      "label":"exclude"
    },
    {
      "source":41,
      "target":41,
      "label":"exclude"
    },
    {
      "source":41,
      "target":42,
      "label":"include"
    },
    {
      "source":7,
      "target":1,
      "label":"condition"
    },
    {
      "source":1,
      "target":2,
      "label":"condition"
    },
    {
      "source":3,
      "target":4,
      "label":"condition"
    },
    {
      "source":23,
      "target":24,
      "label":"condition"
    },
    {
      "source":12,
      "target":13,
      "label":"condition"
    },
    {
      "source":10,
      "target":0,
      "label":"condition"
    },
    {
      "source":27,
      "target":20,
      "label":"condition"
    },
    {
      "source":24,
      "target":25,
      "label":"condition"
    },
    {
      "source":22,
      "target":23,
      "label":"condition"
    },
    {
      "source":21,
      "target":26,
      "label":"condition"
    },
    {
      "source":26,
      "target":27,
      "label":"condition"
    },
    {
      "source":14,
      "target":6,
      "label":"condition"
    },
    {
      "source":5,
      "target":12,
      "label":"condition"
    },
    {
      "source":13,
      "target":14,
      "label":"condition"
    },
    {
      "source":2,
      "target":19,
      "label":"condition"
    },
    {
      "source":19,
      "target":3,
      "label":"condition"
    },
    {
      "source":0,
      "target":7,
      "label":"condition"
    },
    {
      "source":4,
      "target":28,
      "label":"condition"
    },
    {
      "source":28,
      "target":5,
      "label":"condition"
    },
    {
      "source":28,
      "target":15,
      "label":"condition"
    },
    {
      "source":16,
      "target":18,
      "label":"condition"
    },
    {
      "source":18,
      "target":17,
      "label":"condition"
    },
    {
      "source":13,
      "target":16,
      "label":"condition"
    },
    {
      "source":7,
      "target":1,
      "label":"response"
    },
    {
      "source":1,
      "target":2,
      "label":"response"
    },
    {
      "source":3,
      "target":4,
      "label":"response"
    },
    {
      "source":23,
      "target":24,
      "label":"response"
    },
    {
      "source":13,
      "target":14,
      "label":"response"
    },
    {
      "source":10,
      "target":0,
      "label":"response"
    },
    {
      "source":27,
      "target":20,
      "label":"response"
    },
    {
      "source":24,
      "target":25,
      "label":"response"
    },
    {
      "source":12,
      "target":13,
      "label":"response"
    },
    {
      "source":22,
      "target":23,
      "label":"response"
    },
    {
      "source":21,
      "target":26,
      "label":"response"
    },
    {
      "source":26,
      "target":27,
      "label":"response"
    },
    {
      "source":14,
      "target":6,
      "label":"response"
    },
    {
      "source":15,
      "target":5,
      "label":"response"
    },
    {
      "source":5,
      "target":12,
      "label":"response"
    },
    {
      "source":2,
      "target":19,
      "label":"response"
    },
    {
      "source":19,
      "target":3,
      "label":"response"
    },
    {
      "source":0,
      "target":7,
      "label":"response"
    },
    {
      "source":4,
      "target":28,
      "label":"response"
    },
    {
      "source":28,
      "target":5,
      "label":"response"
    },
    {
      "source":28,
      "target":15,
      "label":"response"
    },
    {
      "source":16,
      "target":18,
      "label":"response"
    },
    {
      "source":18,
      "target":17,
      "label":"response"
    },
    {
      "source":18,
      "target":16,
      "label":"response"
    },
    {
      "source":13,
      "target":16,
      "label":"response"
    },
    {
      "source":15,
      "target":5,
      "label":"include"
    },
    {
      "source":13,
      "target":14,
      "label":"include"
    },
    {
      "source":12,
      "target":13,
      "label":"include"
    },
    {
      "source":5,
      "target":11,
      "label":"include"
    },
    {
      "source":14,
      "target":6,
      "label":"include"
    },
    {
      "source":5,
      "target":12,
      "label":"include"
    },
    {
      "source":28,
      "target":15,
      "label":"include"
    },
    {
      "source":13,
      "target":16,
      "label":"include"
    },
    {
      "source":13,
      "target":15,
      "label":"include"
    },
    {
      "source":18,
      "target":17,
      "label":"include"
    },
    {
      "source":28,
      "target":5,
      "label":"include"
    },
  ]
}